
Dec 20, 2021 16:46:57.767 NEW SESSION
Dec 20, 2021 16:46:57.767 [10976:7796:1220/164657.765:ERROR:chrome_browser_main_extra_parts_metrics.cc(226)] crbug.com/1216328: Checking Bluetooth availability started. Please report if there is no report that this ends.
Dec 20, 2021 16:46:57.783 [10976:7796:1220/164657.783:ERROR:chrome_browser_main_extra_parts_metrics.cc(229)] crbug.com/1216328: Checking Bluetooth availability ended.
Dec 20, 2021 16:46:57.784 [10976:7796:1220/164657.783:ERROR:chrome_browser_main_extra_parts_metrics.cc(232)] crbug.com/1216328: Checking default browser status started. Please report if there is no report that this ends.
Dec 20, 2021 16:46:57.786 [10976:7796:1220/164657.786:ERROR:chrome_browser_main_extra_parts_metrics.cc(236)] crbug.com/1216328: Checking default browser status ended.
Dec 20, 2021 16:46:57.812 [10976:1236:1220/164657.812:ERROR:device_event_log_impl.cc(214)] [16:46:57.812] Bluetooth: bluetooth_adapter_winrt.cc:1075 Getting Default Adapter failed.
Dec 20, 2021 16:46:57.875 [10976:1236:1220/164657.875:ERROR:device_event_log_impl.cc(214)] [16:46:57.874] USB: usb_device_handle_win.cc:1048 Failed to read descriptor from node connection: A device attached to the system is not functioning. (0x1F)
Dec 20, 2021 16:46:57.980 [10976:9548:1220/164657.980:ERROR:connection_factory_impl.cc(425)] Failed to connect to MCS endpoint with error -106
Dec 20, 2021 16:47:21.928 [10976:9548:1220/164721.927:ERROR:connection_factory_impl.cc(425)] Failed to connect to MCS endpoint with error -106
Dec 20, 2021 16:47:27.414 [10976:1236:1220/164727.414:ERROR:account_info_fetcher.cc(62)] OnGetTokenFailure: Connection failed (-106).
Dec 20, 2021 16:47:27.782 [10976:1236:1220/164727.782:ERROR:account_info_fetcher.cc(62)] OnGetTokenFailure: Connection failed (-106).
Dec 20, 2021 16:48:19.470 [10976:9548:1220/164819.470:ERROR:connection_factory_impl.cc(425)] Failed to connect to MCS endpoint with error -106
Dec 20, 2021 16:48:39.832 [10976:9548:1220/164839.832:ERROR:connection_factory_impl.cc(425)] Failed to connect to MCS endpoint with error -106
Dec 20, 2021 16:52:29.890 [10976:9548:1220/165229.889:ERROR:connection_factory_impl.cc(425)] Failed to connect to MCS endpoint with error -106
Dec 20, 2021 16:54:35.956 [10976:9548:1220/165435.956:ERROR:connection_factory_impl.cc(425)] Failed to connect to MCS endpoint with error -106
Dec 20, 2021 17:42:08.339 [10976:9548:1220/174208.339:ERROR:connection_factory_impl.cc(425)] Failed to connect to MCS endpoint with error -106
Dec 20, 2021 17:42:30.480 [10976:9548:1220/174230.479:ERROR:connection_factory_impl.cc(425)] Failed to connect to MCS endpoint with error -106
Dec 20, 2021 17:43:21.818 [10976:9548:1220/174321.817:ERROR:connection_factory_impl.cc(425)] Failed to connect to MCS endpoint with error -106
Dec 20, 2021 17:44:50.246 [10976:9548:1220/174450.245:ERROR:connection_factory_impl.cc(425)] Failed to connect to MCS endpoint with error -106
Dec 20, 2021 17:46:34.710 [10976:9548:1220/174634.710:ERROR:connection_factory_impl.cc(425)] Failed to connect to MCS endpoint with error -331
Dec 20, 2021 17:51:02.85 [10976:9548:1220/175102.085:ERROR:connection_factory_impl.cc(425)] Failed to connect to MCS endpoint with error -106
Dec 20, 2021 17:51:09.529 [10976:9548:1220/175109.529:ERROR:connection_factory_impl.cc(425)] Failed to connect to MCS endpoint with error -105
Dec 20, 2021 17:51:22.392 [10976:1236:1220/175122.391:ERROR:device_event_log_impl.cc(214)] [17:51:22.194] USB: usb_service_win.cc:261 Failed to get device driver name: Element not found. (0x490)
Dec 20, 2021 17:53:11.342 [10976:9548:1220/175311.341:ERROR:connection_factory_impl.cc(425)] Failed to connect to MCS endpoint with error -106
Dec 20, 2021 17:54:02.411 [10976:9548:1220/175402.410:ERROR:connection_factory_impl.cc(425)] Failed to connect to MCS endpoint with error -106
Dec 20, 2021 17:54:22.953 [10976:9548:1220/175422.953:ERROR:connection_factory_impl.cc(425)] Failed to connect to MCS endpoint with error -106
Dec 20, 2021 17:55:04.844 [10976:9548:1220/175504.844:ERROR:connection_factory_impl.cc(425)] Failed to connect to MCS endpoint with error -105
Dec 20, 2021 18:17:42.926 [10976:9548:1220/181742.924:ERROR:connection_factory_impl.cc(425)] Failed to connect to MCS endpoint with error -103
Dec 20, 2021 18:17:44.983 [10976:9548:1220/181744.983:ERROR:connection_factory_impl.cc(425)] Failed to connect to MCS endpoint with error -106
Dec 20, 2021 18:18:52.875 [10976:9548:1220/181852.874:ERROR:connection_factory_impl.cc(425)] Failed to connect to MCS endpoint with error -106
Dec 20, 2021 18:19:19.671 [10976:9548:1220/181919.671:ERROR:connection_factory_impl.cc(425)] Failed to connect to MCS endpoint with error -106
Dec 20, 2021 18:20:04.46 [10976:9548:1220/182004.046:ERROR:connection_factory_impl.cc(425)] Failed to connect to MCS endpoint with error -106
Dec 20, 2021 18:25:12.950 [10976:9548:1220/182512.950:ERROR:connection_factory_impl.cc(425)] Failed to connect to MCS endpoint with error -105

Dec 20, 2021 19:45:34.897 NEW SESSION
Dec 20, 2021 19:45:34.898 [1140:9812:1220/194534.895:ERROR:chrome_browser_main_extra_parts_metrics.cc(226)] crbug.com/1216328: Checking Bluetooth availability started. Please report if there is no report that this ends.
Dec 20, 2021 19:45:34.899 [1140:9812:1220/194534.895:ERROR:chrome_browser_main_extra_parts_metrics.cc(229)] crbug.com/1216328: Checking Bluetooth availability ended.
Dec 20, 2021 19:45:34.899 [1140:9812:1220/194534.895:ERROR:chrome_browser_main_extra_parts_metrics.cc(232)] crbug.com/1216328: Checking default browser status started. Please report if there is no report that this ends.
Dec 20, 2021 19:45:34.901 [1140:9812:1220/194534.900:ERROR:chrome_browser_main_extra_parts_metrics.cc(236)] crbug.com/1216328: Checking default browser status ended.
Dec 20, 2021 19:45:34.923 [1140:6400:1220/194534.923:ERROR:device_event_log_impl.cc(214)] [19:45:34.923] Bluetooth: bluetooth_adapter_winrt.cc:1075 Getting Default Adapter failed.
Dec 20, 2021 19:45:35.02 [1140:6400:1220/194535.002:ERROR:device_event_log_impl.cc(214)] [19:45:35.002] USB: usb_device_handle_win.cc:1048 Failed to read descriptor from node connection: A device attached to the system is not functioning. (0x1F)
Dec 20, 2021 20:15:59.44 [1140:8248:1220/201559.044:ERROR:connection_factory_impl.cc(425)] Failed to connect to MCS endpoint with error -105
Dec 20, 2021 20:32:35.548 [1140:8248:1220/203235.548:ERROR:connection_factory_impl.cc(425)] Failed to connect to MCS endpoint with error -106
Dec 20, 2021 20:32:58.315 [1140:8248:1220/203258.314:ERROR:connection_factory_impl.cc(425)] Failed to connect to MCS endpoint with error -106
Dec 20, 2021 20:33:51.757 [1140:8248:1220/203351.757:ERROR:connection_factory_impl.cc(425)] Failed to connect to MCS endpoint with error -105
Dec 20, 2021 20:34:02.769 [1140:8248:1220/203402.768:ERROR:connection_factory_impl.cc(425)] Failed to connect to MCS endpoint with error -105
Dec 20, 2021 20:34:19.228 [1140:8248:1220/203419.228:ERROR:connection_factory_impl.cc(425)] Failed to connect to MCS endpoint with error -105
Dec 20, 2021 20:34:30.800 [1140:8248:1220/203430.799:ERROR:connection_factory_impl.cc(425)] Failed to connect to MCS endpoint with error -105
Dec 20, 2021 20:34:54.441 [1140:8248:1220/203454.441:ERROR:connection_factory_impl.cc(425)] Failed to connect to MCS endpoint with error -106

Dec 21, 2021 13:57:28.648 NEW SESSION
Dec 21, 2021 13:57:28.649 [6732:3976:1221/135728.645:ERROR:chrome_browser_main_extra_parts_metrics.cc(226)] crbug.com/1216328: Checking Bluetooth availability started. Please report if there is no report that this ends.
Dec 21, 2021 13:57:28.689 [6732:3976:1221/135728.689:ERROR:chrome_browser_main_extra_parts_metrics.cc(229)] crbug.com/1216328: Checking Bluetooth availability ended.
Dec 21, 2021 13:57:28.728 [6732:640:1221/135728.717:ERROR:device_event_log_impl.cc(214)] [13:57:28.718] Bluetooth: bluetooth_adapter_winrt.cc:1075 Getting Default Adapter failed.
Dec 21, 2021 13:57:28.728 [6732:3976:1221/135728.727:ERROR:chrome_browser_main_extra_parts_metrics.cc(232)] crbug.com/1216328: Checking default browser status started. Please report if there is no report that this ends.
Dec 21, 2021 13:57:28.730 [6732:3976:1221/135728.730:ERROR:chrome_browser_main_extra_parts_metrics.cc(236)] crbug.com/1216328: Checking default browser status ended.
Dec 21, 2021 13:57:28.751 [6732:640:1221/135728.751:ERROR:device_event_log_impl.cc(214)] [13:57:28.751] USB: usb_device_handle_win.cc:1048 Failed to read descriptor from node connection: A device attached to the system is not functioning. (0x1F)
Dec 21, 2021 14:09:36.672 [6732:640:1221/140936.671:ERROR:device_event_log_impl.cc(214)] [14:09:36.672] USB: usb_service_win.cc:261 Failed to get device driver name: Element not found. (0x490)
Dec 21, 2021 14:09:38.331 [6732:2792:1221/140938.331:ERROR:connection_factory_impl.cc(425)] Failed to connect to MCS endpoint with error -106
Dec 21, 2021 14:09:38.824 [6732:2792:1221/140938.824:ERROR:connection_factory_impl.cc(425)] Failed to connect to MCS endpoint with error -106
Dec 21, 2021 14:10:23.870 [6732:2792:1221/141023.870:ERROR:connection_factory_impl.cc(425)] Failed to connect to MCS endpoint with error -106
Dec 21, 2021 14:12:17.514 [6732:2792:1221/141217.514:ERROR:connection_factory_impl.cc(425)] Failed to connect to MCS endpoint with error -106
Dec 21, 2021 14:18:10.323 [6732:2792:1221/141810.323:ERROR:connection_factory_impl.cc(425)] Failed to connect to MCS endpoint with error -106
Dec 21, 2021 14:18:33.479 [6732:2792:1221/141833.478:ERROR:connection_factory_impl.cc(425)] Failed to connect to MCS endpoint with error -106
Dec 21, 2021 14:19:17.494 [6732:2792:1221/141917.493:ERROR:connection_factory_impl.cc(425)] Failed to connect to MCS endpoint with error -106
Dec 21, 2021 14:21:02.922 [6732:2792:1221/142102.921:ERROR:connection_factory_impl.cc(425)] Failed to connect to MCS endpoint with error -7
Dec 21, 2021 14:22:06.682 [6732:2792:1221/142206.682:ERROR:connection_factory_impl.cc(425)] Failed to connect to MCS endpoint with error -105
Dec 21, 2021 14:22:08.709 [6732:2792:1221/142208.709:ERROR:connection_factory_impl.cc(425)] Failed to connect to MCS endpoint with error -106
Dec 21, 2021 14:32:08.720 [6732:2792:1221/143208.720:ERROR:connection_factory_impl.cc(425)] Failed to connect to MCS endpoint with error -106
Dec 21, 2021 14:37:56.591 [6732:2792:1221/143756.590:ERROR:connection_factory_impl.cc(425)] Failed to connect to MCS endpoint with error -105
Dec 21, 2021 14:38:00.18 [6732:2792:1221/143800.018:ERROR:connection_factory_impl.cc(425)] Failed to connect to MCS endpoint with error -106
Dec 21, 2021 14:40:08.509 [6732:2792:1221/144008.509:ERROR:connection_factory_impl.cc(425)] Failed to connect to MCS endpoint with error -105
Dec 21, 2021 14:40:14.336 [6732:2792:1221/144014.336:ERROR:connection_factory_impl.cc(425)] Failed to connect to MCS endpoint with error -105
Dec 21, 2021 14:40:21.826 [6732:2792:1221/144021.825:ERROR:connection_factory_impl.cc(425)] Failed to connect to MCS endpoint with error -106
Dec 21, 2021 14:50:21.830 [6732:2792:1221/145021.830:ERROR:connection_factory_impl.cc(425)] Failed to connect to MCS endpoint with error -106
Dec 21, 2021 14:54:59.623 [6732:2792:1221/145459.622:ERROR:connection_factory_impl.cc(425)] Failed to connect to MCS endpoint with error -106
Dec 21, 2021 14:59:19.867 [6732:2792:1221/145919.867:ERROR:connection_factory_impl.cc(425)] Failed to connect to MCS endpoint with error -105
Dec 21, 2021 14:59:21.888 [6732:2792:1221/145921.888:ERROR:connection_factory_impl.cc(425)] Failed to connect to MCS endpoint with error -106
Dec 21, 2021 15:00:36.108 [6732:2792:1221/150036.108:ERROR:connection_factory_impl.cc(425)] Failed to connect to MCS endpoint with error -105
Dec 21, 2021 15:00:38.119 [6732:2792:1221/150038.118:ERROR:connection_factory_impl.cc(425)] Failed to connect to MCS endpoint with error -106
Dec 21, 2021 15:01:52.127 [6732:2792:1221/150152.127:ERROR:connection_factory_impl.cc(425)] Failed to connect to MCS endpoint with error -105
Dec 21, 2021 15:01:54.148 [6732:2792:1221/150154.147:ERROR:connection_factory_impl.cc(425)] Failed to connect to MCS endpoint with error -106
Dec 21, 2021 15:03:08.465 [6732:2792:1221/150308.464:ERROR:connection_factory_impl.cc(425)] Failed to connect to MCS endpoint with error -105
Dec 21, 2021 15:03:10.485 [6732:2792:1221/150310.485:ERROR:connection_factory_impl.cc(425)] Failed to connect to MCS endpoint with error -106
Dec 21, 2021 15:04:24.169 [6732:2792:1221/150424.169:ERROR:connection_factory_impl.cc(425)] Failed to connect to MCS endpoint with error -105
Dec 21, 2021 15:04:26.191 [6732:2792:1221/150426.190:ERROR:connection_factory_impl.cc(425)] Failed to connect to MCS endpoint with error -106
Dec 21, 2021 15:31:49.704 [6732:2792:1221/153149.699:ERROR:connection_factory_impl.cc(425)] Failed to connect to MCS endpoint with error -106
Dec 21, 2021 15:31:54.270 [6732:2792:1221/153154.269:ERROR:connection_factory_impl.cc(425)] Failed to connect to MCS endpoint with error -105
Dec 21, 2021 16:19:03.173 [6732:2792:1221/161903.171:ERROR:connection_factory_impl.cc(425)] Failed to connect to MCS endpoint with error -7
Dec 21, 2021 16:19:05.604 [6732:2792:1221/161905.604:ERROR:connection_factory_impl.cc(425)] Failed to connect to MCS endpoint with error -106
Dec 21, 2021 16:19:27.833 [6732:2792:1221/161927.832:ERROR:connection_factory_impl.cc(425)] Failed to connect to MCS endpoint with error -105
Dec 21, 2021 16:19:42.121 [6732:2792:1221/161942.121:ERROR:connection_factory_impl.cc(425)] Failed to connect to MCS endpoint with error -106
Dec 21, 2021 16:24:28.491 [6732:2792:1221/162428.490:ERROR:connection_factory_impl.cc(425)] Failed to connect to MCS endpoint with error -105
Dec 21, 2021 16:24:30.511 [6732:2792:1221/162430.511:ERROR:connection_factory_impl.cc(425)] Failed to connect to MCS endpoint with error -106
Dec 21, 2021 16:25:12.667 [6732:2792:1221/162512.667:ERROR:connection_factory_impl.cc(425)] Failed to connect to MCS endpoint with error -106
Dec 21, 2021 16:45:20.313 [6320:9300:1221/164520.288:ERROR:chrome_browser_main_extra_parts_metrics.cc(226)] crbug.com/1216328: Checking Bluetooth availability started. Please report if there is no report that this ends.
Dec 21, 2021 16:45:20.315 [6320:9300:1221/164520.315:ERROR:chrome_browser_main_extra_parts_metrics.cc(229)] crbug.com/1216328: Checking Bluetooth availability ended.
Dec 21, 2021 16:45:20.316 [6320:9300:1221/164520.316:ERROR:chrome_browser_main_extra_parts_metrics.cc(232)] crbug.com/1216328: Checking default browser status started. Please report if there is no report that this ends.
Dec 21, 2021 16:45:20.321 [6320:9300:1221/164520.321:ERROR:chrome_browser_main_extra_parts_metrics.cc(236)] crbug.com/1216328: Checking default browser status ended.
Dec 21, 2021 16:45:20.342 [6320:10680:1221/164520.342:ERROR:device_event_log_impl.cc(214)] [16:45:20.342] Bluetooth: bluetooth_adapter_winrt.cc:1075 Getting Default Adapter failed.
Dec 21, 2021 16:45:20.399 [6320:10680:1221/164520.398:ERROR:device_event_log_impl.cc(214)] [16:45:20.398] USB: usb_device_handle_win.cc:1048 Failed to read descriptor from node connection: A device attached to the system is not functioning. (0x1F)
Dec 21, 2021 16:54:54.72 [6320:4560:1221/165454.071:ERROR:mcs_client.cc(755)] Received close command, resetting connection.
Dec 21, 2021 17:05:47.144 [6320:4560:1221/170547.143:ERROR:connection_factory_impl.cc(425)] Failed to connect to MCS endpoint with error -106
Dec 21, 2021 17:06:08.839 [6320:4560:1221/170608.838:ERROR:connection_factory_impl.cc(425)] Failed to connect to MCS endpoint with error -106
Dec 21, 2021 17:06:59.277 [6320:4560:1221/170659.276:ERROR:connection_factory_impl.cc(425)] Failed to connect to MCS endpoint with error -105
Dec 21, 2021 17:07:39.84 [6320:4560:1221/170739.083:ERROR:connection_factory_impl.cc(425)] Failed to connect to MCS endpoint with error -7
Dec 21, 2021 17:09:58.21 [6320:4560:1221/170958.021:ERROR:connection_factory_impl.cc(425)] Failed to connect to MCS endpoint with error -106
Dec 21, 2021 17:11:16.559 [6320:4560:1221/171116.558:ERROR:connection_factory_impl.cc(425)] Failed to connect to MCS endpoint with error -103
Dec 21, 2021 17:11:17.81 [6320:10680:1221/171117.080:ERROR:device_event_log_impl.cc(214)] [17:11:17.080] USB: usb_service_win.cc:261 Failed to get device driver name: Element not found. (0x490)
Dec 21, 2021 17:11:18.619 [6320:4560:1221/171118.619:ERROR:connection_factory_impl.cc(425)] Failed to connect to MCS endpoint with error -106
Dec 21, 2021 17:24:49.763 [6320:4560:1221/172449.763:ERROR:connection_factory_impl.cc(425)] Failed to connect to MCS endpoint with error -106
Dec 21, 2021 17:26:54.330 [6320:4560:1221/172654.329:ERROR:connection_factory_impl.cc(425)] Failed to connect to MCS endpoint with error -105
Dec 21, 2021 17:26:57.777 [6320:4560:1221/172657.776:ERROR:connection_factory_impl.cc(425)] Failed to connect to MCS endpoint with error -106
Dec 21, 2021 17:27:48.835 [6320:4560:1221/172748.835:ERROR:connection_factory_impl.cc(425)] Failed to connect to MCS endpoint with error -106
Dec 21, 2021 17:28:15.877 [6320:4560:1221/172815.876:ERROR:connection_factory_impl.cc(425)] Failed to connect to MCS endpoint with error -105
Dec 21, 2021 17:28:21.731 [6320:4560:1221/172821.731:ERROR:connection_factory_impl.cc(425)] Failed to connect to MCS endpoint with error -105
Dec 21, 2021 17:28:23.743 [6320:4560:1221/172823.742:ERROR:connection_factory_impl.cc(425)] Failed to connect to MCS endpoint with error -106
Dec 21, 2021 17:29:09.231 [6320:4560:1221/172909.230:ERROR:connection_factory_impl.cc(425)] Failed to connect to MCS endpoint with error -106
Dec 21, 2021 17:29:36.998 [6320:4560:1221/172936.998:ERROR:connection_factory_impl.cc(425)] Failed to connect to MCS endpoint with error -106
Dec 21, 2021 17:30:36.104 [6320:4560:1221/173036.103:ERROR:connection_factory_impl.cc(425)] Failed to connect to MCS endpoint with error -106
Dec 21, 2021 17:31:57.272 [6320:4560:1221/173157.272:ERROR:connection_factory_impl.cc(425)] Failed to connect to MCS endpoint with error -106
Dec 21, 2021 17:34:50.821 [6320:4560:1221/173450.821:ERROR:connection_factory_impl.cc(425)] Failed to connect to MCS endpoint with error -105
Dec 21, 2021 17:34:52.887 [6320:4560:1221/173452.887:ERROR:connection_factory_impl.cc(425)] Failed to connect to MCS endpoint with error -106
